<?xml version="1.0" encoding="UTF-8"?>
<!-- Generated by org.testng.reporters.JUnitReportReporter -->
<testsuite hostname="Maksud-pc" name="example.NewTest" tests="1" failures="0" timestamp="3 Jan 2018 21:27:20 GMT" time="223.175" errors="0">
  <testcase name="testEasy" time="223.175" classname="example.NewTest"/>
</testsuite> <!-- example.NewTest -->
